2014-03-27T05:04:03-05:00 ERR (3): [WARNING] DOMDocument::loadHTML(): Empty string supplied as input, at /code/twentytags/application/Model/Static/Functions.php (28)

2014-03-27T05:04:17-05:00 ERR (3): [WARNING] file_get_contents(http://www.dailynewsegypt.com/2014/03/26/souq-com-raises-150m/&ct=ga&cd=CAIyAA&usg=AFQjCNFxtIaPz8eG2GUbCi1WPrUiADHZtQ
): failed to open stream: HTTP request failed! HTTP/1.1 404 Not Found
, at /code/twentytags/application/Model/Static/Functions.php (26)

2014-03-27T05:04:17-05:00 ERR (3): [WARNING] DOMDocument::loadHTML(): Empty string supplied as input, at /code/twentytags/application/Model/Static/Functions.php (28)

2014-03-27T05:04:26-05:00 ERR (3): [WARNING] file_get_contents(http://vimeo.com/90168629&ct=ga&cd=CAIyAA&usg=AFQjCNE1O5aRHly-9EKUeGFQHNCrrH7lEQ
): failed to open stream: HTTP request failed! HTTP/1.1 404 Not Found
, at /code/twentytags/application/Model/Static/Functions.php (26)

2014-03-27T05:04:26-05:00 ERR (3): [WARNING] DOMDocument::loadHTML(): Empty string supplied as input, at /code/twentytags/application/Model/Static/Functions.php (28)

2014-03-27T05:04:27-05:00 ERR (3): [WARNING] file_get_contents(http://www.voanews.com/content/obama-in-brussels-for-talks-with-eu-nato/1879388.html&ct=ga&cd=CAIyAA&usg=AFQjCNHvqikcgZ0vvx1lftvvn9qZ1LvoMg
): failed to open stream: HTTP request failed! HTTP/1.0 404 Not Found
, at /code/twentytags/application/Model/Static/Functions.php (26)

2014-03-27T05:04:27-05:00 ERR (3): [WARNING] DOMDocument::loadHTML(): Empty string supplied as input, at /code/twentytags/application/Model/Static/Functions.php (28)

2014-03-27T05:04:27-05:00 ERR (3): [WARNING] file_get_contents(http://img.youtube.com/vi/OWn55vojZ38/0.jpg): failed to open stream: HTTP request failed! HTTP/1.0 404 Not Found
, at /code/twentytags/application/Model/Static/Functions.php (41)

2014-03-27T05:04:27-05:00 ERR (3): [NOTICE] exif_imagetype(): Read error!, at /code/twentytags/application/Model/Static/Functions.php (44)

2014-03-27T05:04:27-05:00 ERR (3): [NOTICE] Undefined variable: extension, at /code/twentytags/application/Model/Static/Functions.php (50)

2014-03-27T05:04:27-05:00 ERR (3): [WARNING] file_get_contents(http://img.youtube.com/vi/GeCy4ljPIpM/0.jpg): failed to open stream: HTTP request failed! HTTP/1.0 404 Not Found
, at /code/twentytags/application/Model/Static/Functions.php (41)

2014-03-27T05:04:27-05:00 ERR (3): [NOTICE] exif_imagetype(): Read error!, at /code/twentytags/application/Model/Static/Functions.php (44)

2014-03-27T05:04:27-05:00 ERR (3): [NOTICE] Undefined variable: extension, at /code/twentytags/application/Model/Static/Functions.php (50)

2014-03-27T05:04:28-05:00 ERR (3): [WARNING] file_get_contents(http://www.telegraph.co.uk/news/worldnews/northamerica/usa/10724114/Barack-Obama-pays-tribute-to-US-troops-killed-in-WW1.html&ct=ga&cd=CAIyAA&usg=AFQjCNHPxWigj2MZmw5qVV3XdgZPweRxzA
): failed to open stream: HTTP request failed! HTTP/1.0 404 Not Found
, at /code/twentytags/application/Model/Static/Functions.php (26)

2014-03-27T05:04:28-05:00 ERR (3): [WARNING] DOMDocument::loadHTML(): Empty string supplied as input, at /code/twentytags/application/Model/Static/Functions.php (28)

2014-03-27T05:04:37-05:00 ERR (3): [WARNING] file_get_contents(http://tvnz.co.nz/world-news/barack-obama-meets-pope-francis-5877812&ct=ga&cd=CAIyAA&usg=AFQjCNGsX87uKexLFpIUhsHLZIaDdTpijw
): failed to open stream: HTTP request failed! HTTP/1.1 404 Not Found
, at /code/twentytags/application/Model/Static/Functions.php (26)

2014-03-27T05:04:37-05:00 ERR (3): [WARNING] DOMDocument::loadHTML(): Empty string supplied as input, at /code/twentytags/application/Model/Static/Functions.php (28)

2014-03-27T05:04:40-05:00 ERR (3): [WARNING] file_get_contents(http://www.sdjewishworld.com/2014/03/26/look-barack-obamas-record-rhetoric/&ct=ga&cd=CAIyAA&usg=AFQjCNF8VFHgx2ZHZHGwEA8-d_B0AGx0ew
): failed to open stream: HTTP request failed! HTTP/1.1 404 Not Found
, at /code/twentytags/application/Model/Static/Functions.php (26)

2014-03-27T05:04:40-05:00 ERR (3): [WARNING] DOMDocument::loadHTML(): Empty string supplied as input, at /code/twentytags/application/Model/Static/Functions.php (28)

2014-03-27T05:04:43-05:00 ERR (3): [WARNING] file_get_contents(http://www.truthdig.com/report/item/barack_obama_the_least_transparent_president_in_history_20140326&ct=ga&cd=CAIyAA&usg=AFQjCNHz5VygyTaTjVR84Qr1HQVwcvNmAg
): failed to open stream: HTTP request failed! HTTP/1.1 404 Not Found
, at /code/twentytags/application/Model/Static/Functions.php (26)

2014-03-27T05:04:43-05:00 ERR (3): [WARNING] DOMDocument::loadHTML(): Empty string supplied as input, at /code/twentytags/application/Model/Static/Functions.php (28)

2014-03-27T05:04:43-05:00 ERR (3): [WARNING] file_get_contents(http://www.amny.com/opinion/editorial/president-barack-obama-voiced-fears-of-nyc-1.7514203&ct=ga&cd=CAIyAA&usg=AFQjCNHJbxPNpkE09-bQSRn4-U3dvIFNng
): failed to open stream: HTTP request failed! HTTP/1.1 404 Not Found
, at /code/twentytags/application/Model/Static/Functions.php (26)

2014-03-27T05:04:43-05:00 ERR (3): [WARNING] DOMDocument::loadHTML(): Empty string supplied as input, at /code/twentytags/application/Model/Static/Functions.php (28)

2014-03-27T05:04:45-05:00 ERR (3): [WARNING] file_get_contents(http://www.theguardian.com/world/2014/mar/26/barack-obama-putin-withering-civics-lesson-crimea&ct=ga&cd=CAIyAA&usg=AFQjCNE0hVAovnt2KZ1bbnHI1qGq9KsM8w
): failed to open stream: HTTP request failed! HTTP/1.1 404 Not Found
, at /code/twentytags/application/Model/Static/Functions.php (26)

2014-03-27T05:04:45-05:00 ERR (3): [WARNING] DOMDocument::loadHTML(): Empty string supplied as input, at /code/twentytags/application/Model/Static/Functions.php (28)

2014-03-27T05:04:45-05:00 ERR (3): [WARNING] file_get_contents(http://www.theguardian.com/world/2014/mar/26/obama-no-cold-war-crimea&ct=ga&cd=CAIyAA&usg=AFQjCNEhLMjL2UCNnB-ZwJWBfd1tc6Bl9A
): failed to open stream: HTTP request failed! HTTP/1.1 404 Not Found
, at /code/twentytags/application/Model/Static/Functions.php (26)

2014-03-27T05:04:45-05:00 ERR (3): [WARNING] DOMDocument::loadHTML(): Empty string supplied as input, at /code/twentytags/application/Model/Static/Functions.php (28)

2014-03-27T05:04:46-05:00 ERR (3): [WARNING] file_get_contents(http://www.channel4.com/news/ukraine-barack-obama-usa-european-union-trade-russia-gas&ct=ga&cd=CAIyAA&usg=AFQjCNGIfRwhM0OuqUI64qOgstYG9eJnLg
): failed to open stream: HTTP request failed! HTTP/1.0 404 Not Found
, at /code/twentytags/application/Model/Static/Functions.php (26)

2014-03-27T05:04:46-05:00 ERR (3): [WARNING] DOMDocument::loadHTML(): Empty string supplied as input, at /code/twentytags/application/Model/Static/Functions.php (28)

2014-03-27T05:04:49-05:00 ERR (3): [WARNING] file_get_contents(http://www.politico.com/story/2014/03/barack-obama-democrats-immigration-105047.html&ct=ga&cd=CAIyAA&usg=AFQjCNH1MfKvYB58pZz_RjXSFdnFXn44CA
): failed to open stream: HTTP request failed! HTTP/1.0 404 Not Found
, at /code/twentytags/application/Model/Static/Functions.php (26)

2014-03-27T05:04:49-05:00 ERR (3): [WARNING] DOMDocument::loadHTML(): Empty string supplied as input, at /code/twentytags/application/Model/Static/Functions.php (28)

2014-03-27T05:04:55-05:00 ERR (3): [WARNING] file_get_contents(http://www.theblaze.com/stories/2014/03/26/barack-obama-and-dinesh-dsouza-finally-meet/&ct=ga&cd=CAIyAA&usg=AFQjCNGiHM9lZRL5Igk3aIqo8vYPgkLBdg
): failed to open stream: HTTP request failed! HTTP/1.0 404 Not Found
, at /code/twentytags/application/Model/Static/Functions.php (26)

2014-03-27T05:04:55-05:00 ERR (3): [WARNING] DOMDocument::loadHTML(): Empty string supplied as input, at /code/twentytags/application/Model/Static/Functions.php (28)

2014-03-27T05:05:00-05:00 ERR (3): [WARNING] file_get_contents(http://economictimes.indiatimes.com/news/international/business/barack-obama-dont-rush-to-judgment-on-us-eu-trade-deal/articleshow/32735758.cms&ct=ga&cd=CAIyAA&usg=AFQjCNEhmxkPcre0GGBKvN_1SCAwKI5_wg
): failed to open stream: HTTP request failed! HTTP/1.0 404 Not Found
, at /code/twentytags/application/Model/Static/Functions.php (26)

2014-03-27T05:05:00-05:00 ERR (3): [WARNING] DOMDocument::loadHTML(): Empty string supplied as input, at /code/twentytags/application/Model/Static/Functions.php (28)

2014-03-27T05:05:01-05:00 ERR (3): [WARNING] file_get_contents(http://www.politifact.com/truth-o-meter/statements/2014/mar/26/barack-obama/barack-obama-says-high-schoolers-are-graduating-al/&ct=ga&cd=CAIyAA&usg=AFQjCNH3A-H7WrpG9TWIIkFrNpwhZBKZQg
): failed to open stream: HTTP request failed! HTTP/1.1 404 NOT FOUND
, at /code/twentytags/application/Model/Static/Functions.php (26)

2014-03-27T05:05:01-05:00 ERR (3): [WARNING] DOMDocument::loadHTML(): Empty string supplied as input, at /code/twentytags/application/Model/Static/Functions.php (28)

2014-03-27T05:05:09-05:00 ERR (3): [WARNING] file_get_contents(http://newyork.cbslocal.com/2014/03/26/obama-nuclear-blast-in-nyc-bigger-concern-than-russia/&ct=ga&cd=CAIyAA&usg=AFQjCNGGkWeYJLCRCI_1SrG70XuRIppmQg
): failed to open stream: HTTP request failed! HTTP/1.0 404 Not Found
, at /code/twentytags/application/Model/Static/Functions.php (26)

2014-03-27T05:05:09-05:00 ERR (3): [WARNING] DOMDocument::loadHTML(): Empty string supplied as input, at /code/twentytags/application/Model/Static/Functions.php (28)

2014-03-27T05:05:11-05:00 ERR (3): [WARNING] file_get_contents(http://www.powerlineblog.com/archives/2014/03/deep-thoughts-by-barack-obama.php&ct=ga&cd=CAIyAA&usg=AFQjCNH-m88YrnPrJoM22XZ23Y4DvQq8iA
): failed to open stream: HTTP request failed! HTTP/1.0 404 Not Found
, at /code/twentytags/application/Model/Static/Functions.php (26)

2014-03-27T05:05:11-05:00 ERR (3): [WARNING] DOMDocument::loadHTML(): Empty string supplied as input, at /code/twentytags/application/Model/Static/Functions.php (28)

2014-03-27T05:05:12-05:00 ERR (3): [WARNING] file_get_contents(http://www.politico.com/story/2014/03/mitt-romney-hillary-clinton-barack-obama-ukraine-russia-105038.html&ct=ga&cd=CAIyAA&usg=AFQjCNF5t4Ef6OWOptlomdvfs5eNSIhQKg
): failed to open stream: HTTP request failed! HTTP/1.0 404 Not Found
, at /code/twentytags/application/Model/Static/Functions.php (26)

2014-03-27T05:05:12-05:00 ERR (3): [WARNING] DOMDocument::loadHTML(): Empty string supplied as input, at /code/twentytags/application/Model/Static/Functions.php (28)

2014-03-27T05:23:35-05:00 ERR (3): [WARNING] file_get_contents(http://www.nationaljournal.com/politics/is-vladimir-putin-coming-for-the-north-pole-next-20140327&ct=ga&cd=CAIyAA&usg=AFQjCNGMdaWIAwriYqUa-HTebrveJ8XuCg
): failed to open stream: HTTP request failed! HTTP/1.0 404 Not Found
, at /code/twentytags/application/Model/Static/Functions.php (26)

2014-03-27T05:23:35-05:00 ERR (3): [WARNING] DOMDocument::loadHTML(): Empty string supplied as input, at /code/twentytags/application/Model/Static/Functions.php (28)

2014-03-27T05:23:40-05:00 ERR (3): [WARNING] file_get_contents(http://www.herald-dispatch.com/opinions/x56130960/Mark-Caserta-Dictators-like-Vladimir-Putin-only-respect-strength&ct=ga&cd=CAIyAA&usg=AFQjCNEni_wdMR8MNxngNIePpCDm-5s0cw
): failed to open stream: HTTP request failed! HTTP/1.1 404 Not Found
, at /code/twentytags/application/Model/Static/Functions.php (26)

2014-03-27T05:23:40-05:00 ERR (3): [WARNING] DOMDocument::loadHTML(): Empty string supplied as input, at /code/twentytags/application/Model/Static/Functions.php (28)

2014-03-27T05:23:40-05:00 ERR (3): [WARNING] file_get_contents(http://www.timesofoman.com/Columns/Article-1807.aspx&ct=ga&cd=CAIyAA&usg=AFQjCNE0B94A2Cz3gOkYdu2LvFs7pT9iJA
): failed to open stream: HTTP request failed! HTTP/1.1 404 Not Found
, at /code/twentytags/application/Model/Static/Functions.php (26)

2014-03-27T05:23:40-05:00 ERR (3): [WARNING] DOMDocument::loadHTML(): Empty string supplied as input, at /code/twentytags/application/Model/Static/Functions.php (28)

2014-03-27T05:23:42-05:00 ERR (3): [WARNING] file_get_contents(http://knlive.ctvnews.ca/the-real-putin-brilliant-never-laughs-or-blinks-says-journalist-about-dinner-with-him-1.1747975&ct=ga&cd=CAIyAA&usg=AFQjCNGzzmt_fUkGdmvZqamdvyJJhXCR6Q
): failed to open stream: HTTP request failed! HTTP/1.0 404 Not Found
, at /code/twentytags/application/Model/Static/Functions.php (26)

2014-03-27T05:23:42-05:00 ERR (3): [WARNING] DOMDocument::loadHTML(): Empty string supplied as input, at /code/twentytags/application/Model/Static/Functions.php (28)

2014-03-27T05:23:43-05:00 ERR (3): [WARNING] file_get_contents(http://news.investors.com/ibd-editorials-perspective/032614-694724-ukraine-stands-in-vladimir-putin-russia-path.htm&ct=ga&cd=CAIyAA&usg=AFQjCNHwEZ9NYvtSc67edlhGy4IL8xTDcg
): failed to open stream: HTTP request failed! HTTP/1.1 400 Bad Request
, at /code/twentytags/application/Model/Static/Functions.php (26)

2014-03-27T05:23:43-05:00 ERR (3): [WARNING] DOMDocument::loadHTML(): Empty string supplied as input, at /code/twentytags/application/Model/Static/Functions.php (28)

2014-03-27T05:23:45-05:00 ERR (3): [WARNING] file_get_contents(http://www.jta.org/2014/03/26/news-opinion/world/chief-russian-rabbi-slams-ukrainian-jews-for-criticizing-putin&ct=ga&cd=CAIyAA&usg=AFQjCNEhdmWnBFnzVk8luf_epPqwLTqQXw
): failed to open stream: HTTP request failed! HTTP/1.1 404 Not Found
, at /code/twentytags/application/Model/Static/Functions.php (26)

2014-03-27T05:23:45-05:00 ERR (3): [WARNING] DOMDocument::loadHTML(): Empty string supplied as input, at /code/twentytags/application/Model/Static/Functions.php (28)

2014-03-27T05:23:45-05:00 ERR (3): [WARNING] file_get_contents(http://www.voanews.com/content/what-prompted-putins-annexation-of-crimea/1879884.html&ct=ga&cd=CAIyAA&usg=AFQjCNFOGKqsUy0q3Ieu1k1p3PQqgu_8Tw
): failed to open stream: HTTP request failed! HTTP/1.0 404 Not Found
, at /code/twentytags/application/Model/Static/Functions.php (26)

2014-03-27T05:23:45-05:00 ERR (3): [WARNING] DOMDocument::loadHTML(): Empty string supplied as input, at /code/twentytags/application/Model/Static/Functions.php (28)

2014-03-27T05:23:49-05:00 ERR (3): [WARNING] file_get_contents(http://www.politico.com/story/2014/03/barack-obama-vladimir-putin-ukraine-105067.html&ct=ga&cd=CAIyAA&usg=AFQjCNG8H0rDAzIg24ncHKvJCWvd5ZdOow
): failed to open stream: HTTP request failed! HTTP/1.0 404 Not Found
, at /code/twentytags/application/Model/Static/Functions.php (26)

2014-03-27T05:23:49-05:00 ERR (3): [WARNING] DOMDocument::loadHTML(): Empty string supplied as input, at /code/twentytags/application/Model/Static/Functions.php (28)

2014-03-27T05:23:50-05:00 ERR (3): [WARNING] file_get_contents(http://seattletimes.com/html/politics/2023225961_apxcongressukraine.html&ct=ga&cd=CAIyAA&usg=AFQjCNH2a-ODjHp_kONALMDDUkHsfhyC3A
): failed to open stream: HTTP request failed! HTTP/1.0 404 Not Found
, at /code/twentytags/application/Model/Static/Functions.php (26)

2014-03-27T05:23:50-05:00 ERR (3): [WARNING] DOMDocument::loadHTML(): Empty string supplied as input, at /code/twentytags/application/Model/Static/Functions.php (28)

2014-03-27T05:23:51-05:00 ERR (3): [WARNING] file_get_contents(http://www.usnews.com/news/articles/2014/03/26/vladimir-putin-the-untouchable-leader&ct=ga&cd=CAIyAA&usg=AFQjCNENs0SAMRO-MEpTl6wsClKQyUPbBg
): failed to open stream: HTTP request failed! HTTP/1.0 404 Not Found
, at /code/twentytags/application/Model/Static/Functions.php (26)

2014-03-27T05:23:51-05:00 ERR (3): [WARNING] DOMDocument::loadHTML(): Empty string supplied as input, at /code/twentytags/application/Model/Static/Functions.php (28)

2014-03-27T05:24:02-05:00 ERR (3): [WARNING] file_get_contents(http://www.upi.com/Odd_News/2014/03/26/Glenn-Beck-says-he-prayed-to-God-for-Vladmir-Putin-to-die/8401395854999/&ct=ga&cd=CAIyAA&usg=AFQjCNEOmklQzAjI8ZhctysssiqE9sl5Kg
): failed to open stream: HTTP request failed! HTTP/1.1 404 Not Found
, at /code/twentytags/application/Model/Static/Functions.php (26)

2014-03-27T05:24:02-05:00 ERR (3): [WARNING] DOMDocument::loadHTML(): Empty string supplied as input, at /code/twentytags/application/Model/Static/Functions.php (28)

2014-03-27T05:24:03-05:00 ERR (3): [WARNING] file_get_contents(http://dealbreaker.com/2014/03/people-with-money-riding-on-it-dont-expect-vladimir-putin-to-become-more-reasonable-any-time-soon/&ct=ga&cd=CAIyAA&usg=AFQjCNG9_Ya30hK5HhLcHhNM7YPwH9ridA
): failed to open stream: HTTP request failed! HTTP/1.1 404 Not Found
, at /code/twentytags/application/Model/Static/Functions.php (26)

2014-03-27T05:24:03-05:00 ERR (3): [WARNING] DOMDocument::loadHTML(): Empty string supplied as input, at /code/twentytags/application/Model/Static/Functions.php (28)

2014-03-27T05:24:03-05:00 ERR (3): [WARNING] file_get_contents(http://online.wsj.com/news/articles/SB10001424052702303325204579463444197301398&ct=ga&cd=CAIyAA&usg=AFQjCNFvgXtJNaT15ceZ2R9V9eUXbJ1BkA
): failed to open stream: HTTP request failed! HTTP/1.1 404 Not Found
, at /code/twentytags/application/Model/Static/Functions.php (26)

2014-03-27T05:24:03-05:00 ERR (3): [WARNING] DOMDocument::loadHTML(): Empty string supplied as input, at /code/twentytags/application/Model/Static/Functions.php (28)

2014-03-27T05:24:04-05:00 ERR (3): [WARNING] file_get_contents(http://www.ottawacitizen.com/Stephen+Harper+accuses+Vladimir+Putin+being+stuck+back+USSR/9663693/story.html&ct=ga&cd=CAIyAA&usg=AFQjCNGJ9Yt_QfICp809NQMzRXSShVsujg
): failed to open stream: HTTP request failed! HTTP/1.0 404 Not Found
, at /code/twentytags/application/Model/Static/Functions.php (26)

2014-03-27T05:24:04-05:00 ERR (3): [WARNING] DOMDocument::loadHTML(): Empty string supplied as input, at /code/twentytags/application/Model/Static/Functions.php (28)

2014-03-27T07:52:07-05:00 ERR (3): [WARNING] file_get_contents(http://www.digitaljournal.com/pr/1813447&ct=ga&cd=CAIyAA&usg=AFQjCNGjcJsSzcwJVDj1pbDTkW2N9eRtzg
): failed to open stream: HTTP request failed! HTTP/1.1 404 Not Found
, at /code/twentytags/application/Model/Static/Functions.php (26)

2014-03-27T07:52:07-05:00 ERR (3): [WARNING] DOMDocument::loadHTML(): Empty string supplied as input, at /code/twentytags/application/Model/Static/Functions.php (28)

2014-03-27T07:52:19-05:00 ERR (3): [WARNING] file_get_contents(http://www.dailynewsegypt.com/2014/03/26/souq-com-raises-150m/&ct=ga&cd=CAIyAA&usg=AFQjCNFxtIaPz8eG2GUbCi1WPrUiADHZtQ
): failed to open stream: HTTP request failed! HTTP/1.1 404 Not Found
, at /code/twentytags/application/Model/Static/Functions.php (26)

2014-03-27T07:52:19-05:00 ERR (3): [WARNING] DOMDocument::loadHTML(): Empty string supplied as input, at /code/twentytags/application/Model/Static/Functions.php (28)

2014-03-27T07:52:24-05:00 ERR (3): [WARNING] file_get_contents(http://rt.com/news/obama-crimea-iraq-invasion-565/&ct=ga&cd=CAIyAA&usg=AFQjCNF9rlRUG1lpaE1T5k3shuJ8XuuSQA
): failed to open stream: HTTP request failed! HTTP/1.1 404
, at /code/twentytags/application/Model/Static/Functions.php (26)

2014-03-27T07:52:24-05:00 ERR (3): [WARNING] DOMDocument::loadHTML(): Empty string supplied as input, at /code/twentytags/application/Model/Static/Functions.php (28)

2014-03-27T07:52:25-05:00 ERR (3): [WARNING] file_get_contents(http://www.dw.de/obama-this-is-not-another-cold-war-we-are-entering-into/a-17522473&ct=ga&cd=CAIyAA&usg=AFQjCNHW-Mr72zJ6ZAd7l59C68aBFeNykw
): failed to open stream: HTTP request failed! HTTP/1.0 404 Not Found
, at /code/twentytags/application/Model/Static/Functions.php (26)

2014-03-27T07:52:25-05:00 ERR (3): [WARNING] DOMDocument::loadHTML(): Empty string supplied as input, at /code/twentytags/application/Model/Static/Functions.php (28)

2014-03-27T07:52:27-05:00 ERR (3): [WARNING] file_get_contents(http://www.cbc.ca/player/News/TV+Shows/The+National/World/ID/2444918053/&ct=ga&cd=CAIyAA&usg=AFQjCNEoxQWYSGKmRAnSI_4zm8imq8eJWA
): failed to open stream: HTTP request failed! HTTP/1.0 404 Not Found
, at /code/twentytags/application/Model/Static/Functions.php (26)

2014-03-27T07:52:27-05:00 ERR (3): [WARNING] DOMDocument::loadHTML(): Empty string supplied as input, at /code/twentytags/application/Model/Static/Functions.php (28)

2014-03-27T07:52:31-05:00 ERR (3): [WARNING] file_get_contents(http://vimeo.com/90168629&ct=ga&cd=CAIyAA&usg=AFQjCNE1O5aRHly-9EKUeGFQHNCrrH7lEQ
): failed to open stream: HTTP request failed! HTTP/1.1 404 Not Found
, at /code/twentytags/application/Model/Static/Functions.php (26)

2014-03-27T07:52:31-05:00 ERR (3): [WARNING] DOMDocument::loadHTML(): Empty string supplied as input, at /code/twentytags/application/Model/Static/Functions.php (28)

2014-03-27T07:52:32-05:00 ERR (3): [WARNING] file_get_contents(http://www.voanews.com/content/obama-in-brussels-for-talks-with-eu-nato/1879388.html&ct=ga&cd=CAIyAA&usg=AFQjCNHvqikcgZ0vvx1lftvvn9qZ1LvoMg
): failed to open stream: HTTP request failed! HTTP/1.0 404 Not Found
, at /code/twentytags/application/Model/Static/Functions.php (26)

2014-03-27T07:52:32-05:00 ERR (3): [WARNING] DOMDocument::loadHTML(): Empty string supplied as input, at /code/twentytags/application/Model/Static/Functions.php (28)

2014-03-27T07:52:33-05:00 ERR (3): [WARNING] file_get_contents(http://www.upi.com/Top_News/US/2014/03/27/Barack-Obama-and-Pope-Francis-meet-for-the-first-time/1121395918544/&ct=ga&cd=CAIyAA&usg=AFQjCNHgO_rSxv2mtMDSXRbcN3NG92plHg
): failed to open stream: HTTP request failed! HTTP/1.1 404 Not Found
, at /code/twentytags/application/Model/Static/Functions.php (26)

2014-03-27T07:52:33-05:00 ERR (3): [WARNING] DOMDocument::loadHTML(): Empty string supplied as input, at /code/twentytags/application/Model/Static/Functions.php (28)

2014-03-27T07:52:35-05:00 ERR (3): [WARNING] file_get_contents(http://tvnz.co.nz/world-news/barack-obama-meets-pope-francis-5877812&ct=ga&cd=CAIyAA&usg=AFQjCNGsX87uKexLFpIUhsHLZIaDdTpijw
): failed to open stream: HTTP request failed! HTTP/1.1 404 Not Found
, at /code/twentytags/application/Model/Static/Functions.php (26)

2014-03-27T07:52:35-05:00 ERR (3): [WARNING] DOMDocument::loadHTML(): Empty string supplied as input, at /code/twentytags/application/Model/Static/Functions.php (28)

2014-03-27T07:52:35-05:00 ERR (3): [WARNING] file_get_contents(http://www.cbc.ca/news/world/pope-francis-barack-obama-to-meet-at-the-vatican-1.2588194&ct=ga&cd=CAIyAA&usg=AFQjCNFaSFsFaUDADdEQ2aFRltThNMTSpw
): failed to open stream: HTTP request failed! HTTP/1.0 404 Not Found
, at /code/twentytags/application/Model/Static/Functions.php (26)

2014-03-27T07:52:35-05:00 ERR (3): [WARNING] DOMDocument::loadHTML(): Empty string supplied as input, at /code/twentytags/application/Model/Static/Functions.php (28)

2014-03-27T07:52:41-05:00 ERR (3): [WARNING] file_get_contents(http://www.sdjewishworld.com/2014/03/26/look-barack-obamas-record-rhetoric/&ct=ga&cd=CAIyAA&usg=AFQjCNF8VFHgx2ZHZHGwEA8-d_B0AGx0ew
): failed to open stream: HTTP request failed! HTTP/1.1 404 Not Found
, at /code/twentytags/application/Model/Static/Functions.php (26)

2014-03-27T07:52:41-05:00 ERR (3): [WARNING] DOMDocument::loadHTML(): Empty string supplied as input, at /code/twentytags/application/Model/Static/Functions.php (28)

2014-03-27T07:52:43-05:00 ERR (3): [WARNING] file_get_contents(http://www.truthdig.com/report/item/barack_obama_the_least_transparent_president_in_history_20140326&ct=ga&cd=CAIyAA&usg=AFQjCNHz5VygyTaTjVR84Qr1HQVwcvNmAg
): failed to open stream: HTTP request failed! HTTP/1.1 404 Not Found
, at /code/twentytags/application/Model/Static/Functions.php (26)

2014-03-27T07:52:43-05:00 ERR (3): [WARNING] DOMDocument::loadHTML(): Empty string supplied as input, at /code/twentytags/application/Model/Static/Functions.php (28)

2014-03-27T07:52:44-05:00 ERR (3): [WARNING] file_get_contents(http://www.amny.com/opinion/editorial/president-barack-obama-voiced-fears-of-nyc-1.7514203&ct=ga&cd=CAIyAA&usg=AFQjCNHJbxPNpkE09-bQSRn4-U3dvIFNng
): failed to open stream: HTTP request failed! HTTP/1.1 404 Not Found
, at /code/twentytags/application/Model/Static/Functions.php (26)

2014-03-27T07:52:44-05:00 ERR (3): [WARNING] DOMDocument::loadHTML(): Empty string supplied as input, at /code/twentytags/application/Model/Static/Functions.php (28)

2014-03-27T07:52:45-05:00 ERR (3): [WARNING] file_get_contents(http://www.theguardian.com/world/2014/mar/26/barack-obama-putin-withering-civics-lesson-crimea&ct=ga&cd=CAIyAA&usg=AFQjCNE0hVAovnt2KZ1bbnHI1qGq9KsM8w
): failed to open stream: HTTP request failed! HTTP/1.1 404 Not Found
, at /code/twentytags/application/Model/Static/Functions.php (26)

2014-03-27T07:52:45-05:00 ERR (3): [WARNING] DOMDocument::loadHTML(): Empty string supplied as input, at /code/twentytags/application/Model/Static/Functions.php (28)

2014-03-27T07:52:45-05:00 ERR (3): [WARNING] file_get_contents(http://www.theguardian.com/world/2014/mar/26/obama-no-cold-war-crimea&ct=ga&cd=CAIyAA&usg=AFQjCNEhLMjL2UCNnB-ZwJWBfd1tc6Bl9A
): failed to open stream: HTTP request failed! HTTP/1.1 404 Not Found
, at /code/twentytags/application/Model/Static/Functions.php (26)

2014-03-27T07:52:45-05:00 ERR (3): [WARNING] DOMDocument::loadHTML(): Empty string supplied as input, at /code/twentytags/application/Model/Static/Functions.php (28)

2014-03-27T07:52:46-05:00 ERR (3): [WARNING] file_get_contents(http://www.channel4.com/news/ukraine-barack-obama-usa-european-union-trade-russia-gas&ct=ga&cd=CAIyAA&usg=AFQjCNGIfRwhM0OuqUI64qOgstYG9eJnLg
): failed to open stream: HTTP request failed! HTTP/1.0 404 Not Found
, at /code/twentytags/application/Model/Static/Functions.php (26)

2014-03-27T07:52:46-05:00 ERR (3): [WARNING] DOMDocument::loadHTML(): Empty string supplied as input, at /code/twentytags/application/Model/Static/Functions.php (28)

2014-03-27T07:52:50-05:00 ERR (3): [WARNING] file_get_contents(http://www.politico.com/story/2014/03/barack-obama-democrats-immigration-105047.html&ct=ga&cd=CAIyAA&usg=AFQjCNH1MfKvYB58pZz_RjXSFdnFXn44CA
): failed to open stream: HTTP request failed! HTTP/1.0 404 Not Found
, at /code/twentytags/application/Model/Static/Functions.php (26)

2014-03-27T07:52:50-05:00 ERR (3): [WARNING] DOMDocument::loadHTML(): Empty string supplied as input, at /code/twentytags/application/Model/Static/Functions.php (28)

2014-03-27T07:52:56-05:00 ERR (3): [WARNING] file_get_contents(http://www.theblaze.com/stories/2014/03/26/barack-obama-and-dinesh-dsouza-finally-meet/&ct=ga&cd=CAIyAA&usg=AFQjCNGiHM9lZRL5Igk3aIqo8vYPgkLBdg
): failed to open stream: HTTP request failed! HTTP/1.0 404 Not Found
, at /code/twentytags/application/Model/Static/Functions.php (26)

2014-03-27T07:52:56-05:00 ERR (3): [WARNING] DOMDocument::loadHTML(): Empty string supplied as input, at /code/twentytags/application/Model/Static/Functions.php (28)

2014-03-27T07:52:59-05:00 ERR (3): [WARNING] file_get_contents(http://www.politifact.com/truth-o-meter/statements/2014/mar/26/barack-obama/barack-obama-says-high-schoolers-are-graduating-al/&ct=ga&cd=CAIyAA&usg=AFQjCNH3A-H7WrpG9TWIIkFrNpwhZBKZQg
): failed to open stream: HTTP request failed! HTTP/1.1 404 NOT FOUND
, at /code/twentytags/application/Model/Static/Functions.php (26)

2014-03-27T07:52:59-05:00 ERR (3): [WARNING] DOMDocument::loadHTML(): Empty string supplied as input, at /code/twentytags/application/Model/Static/Functions.php (28)

2014-03-27T07:52:59-05:00 ERR (3): [WARNING] file_get_contents(http://economictimes.indiatimes.com/news/international/business/barack-obama-dont-rush-to-judgment-on-us-eu-trade-deal/articleshow/32735758.cms&ct=ga&cd=CAIyAA&usg=AFQjCNEhmxkPcre0GGBKvN_1SCAwKI5_wg
): failed to open stream: HTTP request failed! HTTP/1.0 404 Not Found
, at /code/twentytags/application/Model/Static/Functions.php (26)

2014-03-27T07:52:59-05:00 ERR (3): [WARNING] DOMDocument::loadHTML(): Empty string supplied as input, at /code/twentytags/application/Model/Static/Functions.php (28)

2014-03-27T07:53:06-05:00 ERR (3): [WARNING] file_get_contents(http://newyork.cbslocal.com/2014/03/26/obama-nuclear-blast-in-nyc-bigger-concern-than-russia/&ct=ga&cd=CAIyAA&usg=AFQjCNGGkWeYJLCRCI_1SrG70XuRIppmQg
): failed to open stream: HTTP request failed! HTTP/1.0 404 Not Found
, at /code/twentytags/application/Model/Static/Functions.php (26)

2014-03-27T07:53:06-05:00 ERR (3): [WARNING] DOMDocument::loadHTML(): Empty string supplied as input, at /code/twentytags/application/Model/Static/Functions.php (28)

2014-03-28T02:51:16-05:00 ERR (3): [OTHER] Argument 1 passed to Model_Saved::retrieveByEntityAndUser() must be an instance of Model_Entity, string given, called in /code/twentytags/application/controllers/IndexController.php on line 150 and defined, at /code/twentytags/application/Model/Saved.php (28)

